[p.w3layouts.com/demos_new/18-01-2017/graduate-demo_Free/1508148118/web/index.html]
[backblue.gif]
[fade.gif]
[index.html]
[p.w3layouts.com/demos_new/18-01-2017/graduate-demo_Free/1508148118/web/css/bootstrap.css]
[p.w3layouts.com/demos_new/18-01-2017/graduate-demo_Free/1508148118/web/css/style.css]
[p.w3layouts.com/demos_new/18-01-2017/graduate-demo_Free/1508148118/web/js/jquery-2.1.4.min.js]
[p.w3layouts.com/demos_new/18-01-2017/graduate-demo_Free/1508148118/web/css/lightGallery.css]
[p.w3layouts.com/demos_new/18-01-2017/graduate-demo_Free/1508148118/web/css/flexslider.css]
[p.w3layouts.com/demos_new/18-01-2017/graduate-demo_Free/1508148118/web/css/font-awesome.min.css]
[m.servedby-buysellads.com/monetization.js]
[p.w3layouts.com/js/autotrack.js]
[p.w3layouts.com/assests/css/font-awesome.min.css]
[p.w3layouts.com/demos_new/18-01-2017/graduate-demo_Free/1508148118/web/images/1.jpg]
[p.w3layouts.com/demos_new/18-01-2017/graduate-demo_Free/1508148118/web/images/1.png]
[p.w3layouts.com/demos_new/18-01-2017/graduate-demo_Free/1508148118/web/images/3.png]
[p.w3layouts.com/demos_new/18-01-2017/graduate-demo_Free/1508148118/web/images/2.png]
[p.w3layouts.com/demos_new/18-01-2017/graduate-demo_Free/1508148118/web/images/7.jpg]
[p.w3layouts.com/demos_new/18-01-2017/graduate-demo_Free/1508148118/web/images/5.jpg]
[p.w3layouts.com/demos_new/18-01-2017/graduate-demo_Free/1508148118/web/images/6.jpg]
[p.w3layouts.com/demos_new/18-01-2017/graduate-demo_Free/1508148118/web/images/8.jpg]
[p.w3layouts.com/demos_new/18-01-2017/graduate-demo_Free/1508148118/web/images/9.jpg]
[p.w3layouts.com/demos_new/18-01-2017/graduate-demo_Free/1508148118/web/images/10.jpg]
[p.w3layouts.com/demos_new/18-01-2017/graduate-demo_Free/1508148118/web/images/11.jpg]
[p.w3layouts.com/demos_new/18-01-2017/graduate-demo_Free/1508148118/web/images/12.jpg]
[p.w3layouts.com/demos_new/18-01-2017/graduate-demo_Free/1508148118/web/js/lightGallery.js]
[p.w3layouts.com/demos_new/18-01-2017/graduate-demo_Free/1508148118/web/images/4.png]
[p.w3layouts.com/demos_new/18-01-2017/graduate-demo_Free/1508148118/web/images/5.png]
[p.w3layouts.com/demos_new/18-01-2017/graduate-demo_Free/1508148118/web/js/jquery.flexslider.js]
[p.w3layouts.com/demos_new/18-01-2017/graduate-demo_Free/1508148118/web/images/14.jpg]
[p.w3layouts.com/demos_new/18-01-2017/graduate-demo_Free/1508148118/web/images/15.jpg]
[p.w3layouts.com/demos_new/18-01-2017/graduate-demo_Free/1508148118/web/images/17.jpg]
[p.w3layouts.com/demos_new/18-01-2017/graduate-demo_Free/1508148118/web/images/18.jpg]
[p.w3layouts.com/demos_new/18-01-2017/graduate-demo_Free/1508148118/web/images/16.jpg]
[p.w3layouts.com/demos_new/18-01-2017/graduate-demo_Free/1508148118/web/images/19.jpg]
[p.w3layouts.com/demos_new/18-01-2017/graduate-demo_Free/1508148118/web/js/bootstrap.js]
[p.w3layouts.com/demos_new/18-01-2017/graduate-demo_Free/1508148118/web/js/move-top.js]
[p.w3layouts.com/demos_new/18-01-2017/graduate-demo_Free/1508148118/web/js/easing.js]
[p.w3layouts.com/demos_new/18-01-2017/graduate-demo_Free/1508148118/web/index.html]
[a.vdo.ai/core/v-w3layouts/vdo.ai.js]
[p.w3layouts.com/demos_new/18-01-2017/graduate-demo_Free/1508148118/web/fonts/glyphicons-halflings-regular.eot]
[p.w3layouts.com/demos_new/18-01-2017/graduate-demo_Free/1508148118/web/fonts/glyphicons-halflings-regulard41d.eot]
[p.w3layouts.com/demos_new/18-01-2017/graduate-demo_Free/1508148118/web/fonts/glyphicons-halflings-regular.woff2]
[p.w3layouts.com/demos_new/18-01-2017/graduate-demo_Free/1508148118/web/fonts/glyphicons-halflings-regular.woff]
[p.w3layouts.com/demos_new/18-01-2017/graduate-demo_Free/1508148118/web/fonts/glyphicons-halflings-regular.ttf]
[p.w3layouts.com/demos_new/18-01-2017/graduate-demo_Free/1508148118/web/css/bootstrap.css]
[p.w3layouts.com/demos_new/18-01-2017/graduate-demo_Free/1508148118/web/fonts/glyphicons-halflings-regular.svg]
[p.w3layouts.com/demos_new/18-01-2017/graduate-demo_Free/1508148118/web/images/banner.jpg]
[p.w3layouts.com/demos_new/18-01-2017/graduate-demo_Free/1508148118/web/images/men.png]
[p.w3layouts.com/demos_new/18-01-2017/graduate-demo_Free/1508148118/web/images/2.jpg]
[p.w3layouts.com/demos_new/18-01-2017/graduate-demo_Free/1508148118/web/images/4.jpg]
[p.w3layouts.com/demos_new/18-01-2017/graduate-demo_Free/1508148118/web/images/13.jpg]
[p.w3layouts.com/demos_new/18-01-2017/graduate-demo_Free/1508148118/web/images/20.jpg]
[p.w3layouts.com/demos_new/18-01-2017/graduate-demo_Free/1508148118/web/images/6.png]
[p.w3layouts.com/demos_new/18-01-2017/graduate-demo_Free/1508148118/web/images/arrow.png]
[p.w3layouts.com/demos_new/18-01-2017/graduate-demo_Free/1508148118/web/css/style.css]
[p.w3layouts.com/demos_new/18-01-2017/graduate-demo_Free/1508148118/web/font/Slide-icons.eot]
[p.w3layouts.com/demos_new/18-01-2017/graduate-demo_Free/1508148118/web/img/loading.gif]
[p.w3layouts.com/demos_new/18-01-2017/graduate-demo_Free/1508148118/web/css/lightGallery.css]
[p.w3layouts.com/demos_new/18-01-2017/graduate-demo_Free/1508148118/web/css/flexslider.css]
[p.w3layouts.com/demos_new/18-01-2017/graduate-demo_Free/1508148118/web/fonts/fontawesome-webfont5b62.eot]
[p.w3layouts.com/demos_new/18-01-2017/graduate-demo_Free/1508148118/web/fonts/fontawesome-webfontd41d.eot]
[p.w3layouts.com/demos_new/18-01-2017/graduate-demo_Free/1508148118/web/fonts/fontawesome-webfont5b62.woff2]
[p.w3layouts.com/demos_new/18-01-2017/graduate-demo_Free/1508148118/web/fonts/fontawesome-webfont5b62.woff]
[p.w3layouts.com/demos_new/18-01-2017/graduate-demo_Free/1508148118/web/fonts/fontawesome-webfont5b62.ttf]
[p.w3layouts.com/demos_new/18-01-2017/graduate-demo_Free/1508148118/web/css/font-awesome.min.css]
[p.w3layouts.com/assests/css/font-awesome.min.css]
[p.w3layouts.com/demos_new/18-01-2017/graduate-demo_Free/1508148118/web/fonts/glyphicons-halflings-regular.svg]
[p.w3layouts.com/demos_new/18-01-2017/graduate-demo_Free/1508148118/web/font/Slide-icons.html]
[p.w3layouts.com/demos_new/18-01-2017/graduate-demo_Free/1508148118/web/img/loading.html]
[p.w3layouts.com/demos_new/18-01-2017/graduate-demo_Free/1508148118/web/fonts/fontawesome-webfont5b62.svg]
[p.w3layouts.com/demos_new/18-01-2017/graduate-demo_Free/1508148118/web/fonts/fontawesome-webfont5b62.svg]
